SF:lib\src\modules\auth\dtos\user_credential_dto.dart
DA:7,1
LF:1
LH:1
end_of_record
SF:lib\src\modules\core\authentication\models\token_entity.dart
DA:6,1
LF:1
LH:1
end_of_record
SF:lib\src\modules\core\authentication\services\firebase_auth_service.dart
DA:13,1
DA:15,0
DA:19,0
DA:23,0
DA:24,0
DA:25,0
DA:27,0
DA:31,0
DA:33,0
DA:36,0
DA:41,0
DA:42,0
DA:43,0
DA:45,0
DA:47,0
DA:49,0
DA:50,0
DA:51,0
DA:52,0
DA:53,0
DA:54,0
DA:55,0
DA:56,0
DA:59,0
DA:61,0
DA:64,1
DA:69,2
DA:70,1
DA:71,1
DA:74,1
DA:76,1
DA:77,0
DA:78,0
DA:79,0
DA:80,0
DA:81,0
DA:82,0
DA:83,0
DA:84,0
DA:85,0
DA:88,0
DA:90,0
DA:93,0
DA:95,0
DA:98,1
DA:99,2
DA:100,2
DA:101,2
DA:103,1
LF:49
LH:12
end_of_record
SF:lib\src\modules\core\authentication\exceptions\auth_exception.dart
DA:5,0
DA:9,0
DA:13,0
DA:17,0
DA:21,0
DA:25,0
DA:29,0
DA:33,0
DA:37,0
LF:9
LH:0
end_of_record
